<?xml version="1.0" encoding="UTF-8"?>
<robot generator="Robot 4.1.3 (Python 3.10.2 on win32)" generated="20220220 14:41:42.312" rpa="false" schemaversion="2">
<suite id="s1" name="Test" source="c:\qaninja\robot\test.robot">
<test id="s1-t1" name="Deve retornar mensagem de boas vindas">
<kw name="Welcome" library="app">
<var>${result}</var>
<arg>Fernando</arg>
<msg timestamp="20220220 14:41:42.612" level="INFO">${result} = OláFernando, bem vindo ao Curso básico de Robot Framework! </msg>
<status status="PASS" starttime="20220220 14:41:42.611" endtime="20220220 14:41:42.613"/>
</kw>
<kw name="Log To Console" library="BuiltIn">
<arg>${result}</arg>
<doc>Logs the given message to the console.</doc>
<status status="PASS" starttime="20220220 14:41:42.618" endtime="20220220 14:41:42.626"/>
</kw>
<status status="PASS" starttime="20220220 14:41:42.606" endtime="20220220 14:41:42.629"/>
</test>
<status status="PASS" starttime="20220220 14:41:42.320" endtime="20220220 14:41:42.655"/>
</suite>
<statistics>
<total>
<stat pass="1" fail="0" skip="0">All Tests</stat>
</total>
<tag>
</tag>
<suite>
<stat pass="1" fail="0" skip="0" id="s1" name="Test">Test</stat>
</suite>
</statistics>
<errors>
</errors>
</robot>
